c:\users\taikilpatrick\documents\csc473\project\guitar\vc2019\x64\debug\guitarmodel.obj
c:\users\taikilpatrick\documents\csc473\project\guitar\vc2019\x64\debug\guitarapp.obj
c:\users\taikilpatrick\documents\csc473\project\guitar\vc2019\x64\debug\hand.obj
c:\users\taikilpatrick\documents\csc473\project\guitar\vc2019\x64\debug\player.obj
c:\users\taikilpatrick\documents\csc473\project\guitar\vc2019\x64\debug\helpers.obj
c:\users\taikilpatrick\documents\csc473\project\guitar\vc2019\x64\debug\musicsimulator.obj
c:\users\taikilpatrick\documents\csc473\project\guitar\vc2019\x64\debug\vc143.pdb
c:\users\taikilpatrick\documents\csc473\project\guitar\vc2019\x64\debug\guitar.exe
c:\users\taikilpatrick\documents\csc473\project\guitar\vc2019\x64\debug\guitar.ilk
c:\users\taikilpatrick\documents\csc473\project\guitar\vc2019\x64\debug\guitar.pdb
c:\users\taikilpatrick\documents\csc473\project\guitar\vc2019\x64\debug\resources.res
c:\users\taikilpatrick\documents\csc473\project\guitar\vc2019\x64\debug\guitar.tlog\cl.command.1.tlog
c:\users\taikilpatrick\documents\csc473\project\guitar\vc2019\x64\debug\guitar.tlog\cl.items.tlog
c:\users\taikilpatrick\documents\csc473\project\guitar\vc2019\x64\debug\guitar.tlog\cl.read.1.tlog
c:\users\taikilpatrick\documents\csc473\project\guitar\vc2019\x64\debug\guitar.tlog\cl.write.1.tlog
c:\users\taikilpatrick\documents\csc473\project\guitar\vc2019\x64\debug\guitar.tlog\link.command.1.tlog
c:\users\taikilpatrick\documents\csc473\project\guitar\vc2019\x64\debug\guitar.tlog\link.read.1.tlog
c:\users\taikilpatrick\documents\csc473\project\guitar\vc2019\x64\debug\guitar.tlog\link.write.1.tlog
c:\users\taikilpatrick\documents\csc473\project\guitar\vc2019\x64\debug\guitar.tlog\rc.command.1.tlog
c:\users\taikilpatrick\documents\csc473\project\guitar\vc2019\x64\debug\guitar.tlog\rc.read.1.tlog
c:\users\taikilpatrick\documents\csc473\project\guitar\vc2019\x64\debug\guitar.tlog\rc.write.1.tlog
